  AnimatedBoid.cpp
  BTAgent.cpp
  BasicAgent.cpp
  Boid.cpp
  ConeEnemyAgent.cpp
  DecisionTreeBoid.cpp
  EnemyAgent.cpp
  Game.cpp
  HC_DecisionTreeBoid.cpp
  InfluenceBoid.cpp
  PracticaFinalState.cpp
d:\pol_b\documents\enti\sourcetree\ia\practicafinal\source\practicafinalstate.cpp(55): warning C4018: '<': signed/unsigned mismatch
d:\pol_b\documents\enti\sourcetree\ia\practicafinal\source\practicafinalstate.cpp(67): warning C4018: '<': signed/unsigned mismatch
  Generating Code...
  BTCollabAgent.cpp
  BTSimpleSoloAgent.cpp
  BTSoloAgent.cpp
  EllipseEnemyAgent.cpp
  UncertaintyAgent.cpp
  Generating Code...
  LocationInfluenceMaps.vcxproj -> D:\pol_b\Documents\Enti\SourceTree\IA\PracticaFinal\project\LocationInfluenceMaps\..\..\bin\PracticaFinal.exe
  LocationInfluenceMaps.vcxproj -> D:\pol_b\Documents\Enti\SourceTree\IA\PracticaFinal\project\LocationInfluenceMaps\..\..\bin\PracticaFinal.pdb (Partial PDB)
