  SDL_FontCache.c
  SDL2_gfxPrimitives.c
  SDL2_rotozoom.c
  astar.c
  goap.c
  AnimatedBoid.cpp
  Area.cpp
  BasicAgent.cpp
  BehaviorTree.cpp
  BTAgent.cpp
  CleanerRobotClean.cpp
  CleanerRobotEnergy.cpp
  DecisionTree.cpp
  DecisionTreeBoid.cpp
  DecisionTreeInteractive.cpp
  DecisionTreeRealTime.cpp
  BlackboardAgent.cpp
  Boid.cpp
..\..\..\source\Boid.cpp(581): warning C4018: '<': signed/unsigned mismatch
  ConeEnemyAgent.cpp
  DynamicBlackboard.cpp
  EnemyAgent.cpp
  BitmapFont.cpp
  DibAnimation.cpp
  DibAnimationController.cpp
  DibObject.cpp
  Compiling...
  DibSprite.cpp
  Game.cpp
  Input.cpp
  Level.cpp
  RotatedText.cpp
  SoundManager.cpp
  StateManager.cpp
  StaticTexture.cpp
  Texture.cpp
  TextureManager.cpp
  Timer.cpp
  Trail.cpp
  ErrorManagement.cpp
  FlowField.cpp
  FlowObstacle.cpp
  GameController.cpp
  GraphUtils.cpp
  GridUtils.cpp
  HC_DecisionTreeBoid.cpp
  HTNUtils.cpp
  Compiling...
  InfluenceAgent.cpp
  InfluenceBoid.cpp
  InfluenceMapUtils.cpp
  InfluencePlayer.cpp
  Locker.cpp
  LOS_Obstacle.cpp
  Main.cpp
  MenuState.cpp
  Miner.cpp
  MinerMacrosStateMachine.cpp
  MinerOwnedStates.cpp
  MinerPointer.cpp
  MinerSimplePointer.cpp
  Modality.cpp
  NavMeshUtils.cpp
  Obstacle.cpp
  Path.cpp
  PointerFSM.cpp
  PracticaFinalState.cpp
..\..\..\source\PracticaFinalState.cpp(45): warning C4018: '<': signed/unsigned mismatch
..\..\..\source\PracticaFinalState.cpp(58): warning C4018: '<': signed/unsigned mismatch
..\..\..\source\PracticaFinalState.cpp(75): warning C4018: '<': signed/unsigned mismatch
..\..\..\source\PracticaFinalState.cpp(78): warning C4018: '<': signed/unsigned mismatch
..\..\..\source\PracticaFinalState.cpp(102): warning C4018: '<': signed/unsigned mismatch
..\..\..\source\PracticaFinalState.cpp(106): warning C4018: '<': signed/unsigned mismatch
..\..\..\source\PracticaFinalState.cpp(194): warning C4018: '<': signed/unsigned mismatch
..\..\..\source\PracticaFinalState.cpp(195): warning C4018: '<': signed/unsigned mismatch
  RegionalSenseManager.cpp
  Compiling...
  Rotator.cpp
  Player.cpp
  Sensor.cpp
  SensorNotification.cpp
  SightModality.cpp
  Signal.cpp
  SignalProp.cpp
  SimplePath.cpp
  StateMachine.cpp
  StaticBlackboard.cpp
  SteeringGroup.cpp
  StrategyUtils.cpp
  WarriorPlayer.cpp
  BTSoloAgent.cpp
  BTCollabAgent.cpp
  BTSimpleSoloAgent.cpp
  EllipseEnemyAgent.cpp
  UncertaintyAgent.cpp
  Generating code
  73 of 1793 functions ( 4.1%) were compiled, the rest were copied from previous compilation.
    0 functions were new in current compilation
    12 functions had inline decision re-evaluated but remain unchanged
  Finished generating code
  LocationInfluenceMaps.vcxproj -> D:\ENTI\5º Semestre\Tecnicas de inteligencia artificial para videojuegos\Demos\PracticaFinal_IA\project\LocationInfluenceMaps\..\..\bin\PracticaFinal.exe
  LocationInfluenceMaps.vcxproj -> D:\ENTI\5º Semestre\Tecnicas de inteligencia artificial para videojuegos\Demos\PracticaFinal_IA\project\LocationInfluenceMaps\..\..\bin\PracticaFinal.pdb (Full PDB)
